<?xml version="1.0" encoding="UTF-8"?>
<!-- Generated by org.testng.reporters.JUnitReportReporter -->
<testsuite skipped="0" hostname="G1C2ML14333" name="reportNgEx1.Example" tests="2" failures="0" timestamp="27 Aug 2018 09:11:11 GMT" time="0.016" errors="0">
  <testcase name="g" time="0.003" classname="reportNgEx1.Example"/>
  <testcase name="f" time="0.013" classname="reportNgEx1.Example"/>
</testsuite> <!-- reportNgEx1.Example -->
